c:\users\win 10\desktop\לימודים\פרוייקט גמר\פרויקט נסוי\project2\project2\x64\debug\vc143.pdb
c:\users\win 10\desktop\לימודים\פרוייקט גמר\פרויקט נסוי\project2\project2\x64\debug\vc143.idb
c:\users\win 10\desktop\לימודים\פרוייקט גמר\פרויקט נסוי\project2\project2\x64\debug\matrix.obj
c:\users\win 10\desktop\לימודים\פרוייקט גמר\פרויקט נסוי\project2\project2\x64\debug\internalmatrix.obj
c:\users\win 10\desktop\לימודים\פרוייקט גמר\פרויקט נסוי\project2\project2\x64\debug\filename.obj
c:\users\win 10\desktop\לימודים\פרוייקט גמר\פרויקט נסוי\project2\project2\x64\debug\cubewig.obj
c:\users\win 10\desktop\לימודים\פרוייקט גמר\פרויקט נסוי\project2\project2\x64\debug\cube.obj
c:\users\win 10\desktop\לימודים\פרוייקט גמר\פרויקט נסוי\project2\project2\x64\debug\project2.ilk
c:\users\win 10\desktop\לימודים\פרוייקט גמר\פרויקט נסוי\project2\x64\debug\project2.pdb
c:\users\win 10\desktop\לימודים\פרוייקט גמר\פרויקט נסוי\project2\project2\x64\debug\project2.tlog\cl.command.1.tlog
c:\users\win 10\desktop\לימודים\פרוייקט גמר\פרויקט נסוי\project2\project2\x64\debug\project2.tlog\cl.items.tlog
c:\users\win 10\desktop\לימודים\פרוייקט גמר\פרויקט נסוי\project2\project2\x64\debug\project2.tlog\cl.read.1.tlog
c:\users\win 10\desktop\לימודים\פרוייקט גמר\פרויקט נסוי\project2\project2\x64\debug\project2.tlog\cl.write.1.tlog
c:\users\win 10\desktop\לימודים\פרוייקט גמר\פרויקט נסוי\project2\project2\x64\debug\project2.tlog\link-cvtres.read.1.tlog
c:\users\win 10\desktop\לימודים\פרוייקט גמר\פרויקט נסוי\project2\project2\x64\debug\project2.tlog\link-cvtres.write.1.tlog
c:\users\win 10\desktop\לימודים\פרוייקט גמר\פרויקט נסוי\project2\project2\x64\debug\project2.tlog\link-rc.read.1.tlog
c:\users\win 10\desktop\לימודים\פרוייקט גמר\פרויקט נסוי\project2\project2\x64\debug\project2.tlog\link-rc.write.1.tlog
c:\users\win 10\desktop\לימודים\פרוייקט גמר\פרויקט נסוי\project2\project2\x64\debug\project2.tlog\link.28028-cvtres.read.1.tlog
c:\users\win 10\desktop\לימודים\פרוייקט גמר\פרויקט נסוי\project2\project2\x64\debug\project2.tlog\link.28028-cvtres.write.1.tlog
c:\users\win 10\desktop\לימודים\פרוייקט גמר\פרויקט נסוי\project2\project2\x64\debug\project2.tlog\link.28028-rc.read.1.tlog
c:\users\win 10\desktop\לימודים\פרוייקט גמר\פרויקט נסוי\project2\project2\x64\debug\project2.tlog\link.28028-rc.write.1.tlog
c:\users\win 10\desktop\לימודים\פרוייקט גמר\פרויקט נסוי\project2\project2\x64\debug\project2.tlog\link.28028.read.1.tlog
c:\users\win 10\desktop\לימודים\פרוייקט גמר\פרויקט נסוי\project2\project2\x64\debug\project2.tlog\link.28028.read.2.tlog
c:\users\win 10\desktop\לימודים\פרוייקט גמר\פרויקט נסוי\project2\project2\x64\debug\project2.tlog\link.28028.write.1.tlog
c:\users\win 10\desktop\לימודים\פרוייקט גמר\פרויקט נסוי\project2\project2\x64\debug\project2.tlog\link.command.1.tlog
c:\users\win 10\desktop\לימודים\פרוייקט גמר\פרויקט נסוי\project2\project2\x64\debug\project2.tlog\link.read.1.tlog
c:\users\win 10\desktop\לימודים\פרוייקט גמר\פרויקט נסוי\project2\project2\x64\debug\project2.tlog\link.read.3.tlog
c:\users\win 10\desktop\לימודים\פרוייקט גמר\פרויקט נסוי\project2\project2\x64\debug\project2.tlog\link.secondary.1.tlog
c:\users\win 10\desktop\לימודים\פרוייקט גמר\פרויקט נסוי\project2\project2\x64\debug\project2.tlog\link.write.1.tlog
